build/app/intermediates/manifest_merge_blame_file/release/manifest-merger-blame-release-report.txt
1<?xml version="1.0" encoding="utf-8"?>
2<manifest xmlns:android="http://schemas.android.com/apk/res/android"
3    package="com.example.petapp"
4    android:versionCode="4001"
5    android:versionName="1.0.0" >
6
7    <uses-sdk
8        android:minSdkVersion="23"
8-->src\main\AndroidManifest.xml
9        android:targetSdkVersion="29" />
9-->src\main\AndroidManifest.xml
10
11    <uses-permission android:name="android.permission.ACCESS_COARSE_LOCATION" />
11-->src\main\AndroidManifest.xml:47:9-84
11-->src\main\AndroidManifest.xml:47:26-82
12    <uses-permission android:name="android.permission.ACCESS_FINE_LOCATION" />
12-->src\main\AndroidManifest.xml:48:5-78
12-->src\main\AndroidManifest.xml:48:22-76
13    <uses-permission android:name="android.permission.ACCESS_BACKGROUND_LOCATION" />
13-->src\main\AndroidManifest.xml:49:5-85
13-->src\main\AndroidManifest.xml:49:22-82
14    <uses-permission android:name="android.permission.FOREGROUND_SERVICE" />
14-->[:location] AndroidManifest.xml:9:5-77
14-->[:location] AndroidManifest.xml:9:22-74
15    <uses-permission android:name="android.permission.READ_EXTERNAL_STORAGE" />
15-->[:file_picker] AndroidManifest.xml:7:5-80
15-->[:file_picker] AndroidManifest.xml:7:22-77
16
17    <queries>
17-->[:file_picker] AndroidManifest.xml:9:5-15:15
18        <intent>
18-->[:file_picker] AndroidManifest.xml:10:9-14:18
19            <action android:name="android.intent.action.GET_CONTENT" />
19-->[:file_picker] AndroidManifest.xml:11:13-72
19-->[:file_picker] AndroidManifest.xml:11:21-69
20
21            <data android:mimeType="*/*" />
21-->[:file_picker] AndroidManifest.xml:13:13-44
21-->[:file_picker] AndroidManifest.xml:13:19-41
22        </intent>
23    </queries>
24
25    <uses-permission android:name="android.permission.WRITE_EXTERNAL_STORAGE" />
25-->[:image_picker] AndroidManifest.xml:8:5-81
25-->[:image_picker] AndroidManifest.xml:8:22-78
26    <uses-permission android:name="android.permission.INTERNET" />
26-->[:google_sign_in] AndroidManifest.xml:7:5-67
26-->[:google_sign_in] AndroidManifest.xml:7:22-64
27    <uses-permission android:name="android.permission.ACCESS_NETWORK_STATE" />
27-->[com.google.firebase:firebase-auth:20.0.0] AndroidManifest.xml:24:5-79
27-->[com.google.firebase:firebase-auth:20.0.0] AndroidManifest.xml:24:22-76
28    <uses-permission android:name="android.permission.WAKE_LOCK" /> <!-- Required by older versions of Google Play services to create IID tokens -->
28-->[com.google.firebase:firebase-iid:21.0.0] AndroidManifest.xml:24:5-68
28-->[com.google.firebase:firebase-iid:21.0.0] AndroidManifest.xml:24:22-65
29    <uses-permission android:name="com.google.android.c2dm.permission.RECEIVE" />
29-->[com.google.firebase:firebase-iid:21.0.0] AndroidManifest.xml:26:5-82
29-->[com.google.firebase:firebase-iid:21.0.0] AndroidManifest.xml:26:22-79
30    <uses-permission android:name="com.google.android.finsky.permission.BIND_GET_INSTALL_REFERRER_SERVICE" />
30-->[com.google.android.gms:play-services-measurement:18.0.0] AndroidManifest.xml:26:5-110
30-->[com.google.android.gms:play-services-measurement:18.0.0] AndroidManifest.xml:26:22-107
31    <!--
32 io.flutter.app.FlutterApplication is an android.app.Application that
33         calls FlutterMain.startInitialization(this); in its onCreate method.
34         In most cases you can leave this as-is, but you if you want to provide
35         additional functionality it is fine to subclass or reimplement
36         FlutterApplication and put your custom class here.
37    -->
38    <application
38-->src\main\AndroidManifest.xml:8:5-46:19
39        android:name="io.flutter.app.FlutterApplication"
39-->src\main\AndroidManifest.xml:9:9-57
40        android:appComponentFactory="androidx.core.app.CoreComponentFactory"
40-->[androidx.core:core:1.3.2] AndroidManifest.xml:24:18-86
41        android:icon="@mipmap/ic_launcher"
41-->src\main\AndroidManifest.xml:11:9-43
42        android:label="Petlo" >
42-->src\main\AndroidManifest.xml:10:9-30
43        <activity
43-->src\main\AndroidManifest.xml:12:9-40:20
44            android:name="com.example.petapp.MainActivity"
44-->src\main\AndroidManifest.xml:13:13-41
45            android:configChanges="orientation|keyboardHidden|keyboard|screenSize|smallestScreenSize|locale|layoutDirection|fontScale|screenLayout|density|uiMode"
45-->src\main\AndroidManifest.xml:16:13-163
46            android:hardwareAccelerated="true"
46-->src\main\AndroidManifest.xml:17:13-47
47            android:launchMode="singleTop"
47-->src\main\AndroidManifest.xml:14:13-43
48            android:theme="@style/LaunchTheme"
48-->src\main\AndroidManifest.xml:15:13-47
49            android:windowSoftInputMode="adjustResize" >
49-->src\main\AndroidManifest.xml:18:13-55
50
51            <!--
52                 Specifies an Android theme to apply to this Activity as soon as
53                 the Android process has started. This theme is visible to the user
54                 while the Flutter UI initializes. After that, this theme continues
55                 to determine the Window background behind the Flutter UI.
56            -->
57            <meta-data
57-->src\main\AndroidManifest.xml:23:13-26:17
58                android:name="io.flutter.embedding.android.NormalTheme"
58-->src\main\AndroidManifest.xml:24:15-70
59                android:resource="@style/NormalTheme" />
59-->src\main\AndroidManifest.xml:25:15-52
60            <!--
61                 Displays an Android View that continues showing the launch screen
62                 Drawable until Flutter paints its first frame, then this splash
63                 screen fades out. A splash screen is useful to avoid any visual
64                 gap between the end of Android's launch screen and the painting of
65                 Flutter's first frame.
66            -->
67            <meta-data
67-->src\main\AndroidManifest.xml:32:13-35:17
68                android:name="io.flutter.embedding.android.SplashScreenDrawable"
68-->src\main\AndroidManifest.xml:33:15-79
69                android:resource="@drawable/launch_background" />
69-->src\main\AndroidManifest.xml:34:15-61
70
71            <intent-filter>
71-->src\main\AndroidManifest.xml:36:13-39:29
72                <action android:name="android.intent.action.MAIN" />
72-->src\main\AndroidManifest.xml:37:17-68
72-->src\main\AndroidManifest.xml:37:25-66
73
74                <category android:name="android.intent.category.LAUNCHER" />
74-->src\main\AndroidManifest.xml:38:17-76
74-->src\main\AndroidManifest.xml:38:27-74
75            </intent-filter>
76        </activity>
77        <!--
78             Don't delete the meta-data below.
79             This is used by the Flutter tool to generate GeneratedPluginRegistrant.java
80        -->
81        <meta-data
81-->src\main\AndroidManifest.xml:43:9-45:33
82            android:name="flutterEmbedding"
82-->src\main\AndroidManifest.xml:44:13-44
83            android:value="2" />
83-->src\main\AndroidManifest.xml:45:13-30
84
85        <service
85-->[:location] AndroidManifest.xml:13:9-17:56
86            android:name="com.lyokone.location.FlutterLocationService"
86-->[:location] AndroidManifest.xml:14:13-71
87            android:enabled="true"
87-->[:location] AndroidManifest.xml:15:13-35
88            android:exported="false"
88-->[:location] AndroidManifest.xml:16:13-37
89            android:foregroundServiceType="location" />
89-->[:location] AndroidManifest.xml:17:13-53
90        <service
90-->[:firebase_auth] AndroidManifest.xml:8:9-12:19
91            android:name="com.google.firebase.components.ComponentDiscoveryService"
91-->[:firebase_auth] AndroidManifest.xml:8:18-89
92            android:directBootAware="true"
92-->[com.google.firebase:firebase-common:19.3.1] AndroidManifest.xml:35:13-43
93            android:exported="false" >
93-->[com.google.firebase:firebase-auth:20.0.0] AndroidManifest.xml:84:13-37
94            <meta-data
94-->[:firebase_auth] AndroidManifest.xml:9:13-11:85
95                android:name="com.google.firebase.components:io.flutter.plugins.firebase.auth.FlutterFirebaseAuthRegistrar"
95-->[:firebase_auth] AndroidManifest.xml:10:17-124
96                android:value="com.google.firebase.components.ComponentRegistrar" />
96-->[:firebase_auth] AndroidManifest.xml:11:17-82
97            <meta-data
97-->[:firebase_messaging] AndroidManifest.xml:14:13-16:85
98                android:name="com.google.firebase.components:io.flutter.plugins.firebasemessaging.FlutterFirebaseAppRegistrar"
98-->[:firebase_messaging] AndroidManifest.xml:15:17-127
99                android:value="com.google.firebase.components.ComponentRegistrar" />
99-->[:firebase_messaging] AndroidManifest.xml:16:17-82
100            <meta-data
100-->[:firebase_core] AndroidManifest.xml:9:13-11:85
101                android:name="com.google.firebase.components:io.flutter.plugins.firebase.core.FlutterFirebaseCoreRegistrar"
101-->[:firebase_core] AndroidManifest.xml:10:17-124
102                android:value="com.google.firebase.components.ComponentRegistrar" />
102-->[:firebase_core] AndroidManifest.xml:11:17-82
103            <meta-data
103-->[com.google.firebase:firebase-auth:20.0.0] AndroidManifest.xml:85:13-87:85
104                android:name="com.google.firebase.components:com.google.firebase.auth.FirebaseAuthRegistrar"
104-->[com.google.firebase:firebase-auth:20.0.0] AndroidManifest.xml:86:17-109
105                android:value="com.google.firebase.components.ComponentRegistrar" />
105-->[com.google.firebase:firebase-auth:20.0.0] AndroidManifest.xml:87:17-82
106            <meta-data
106-->[com.google.firebase:firebase-messaging:21.0.0] AndroidManifest.xml:39:13-41:85
107                android:name="com.google.firebase.components:com.google.firebase.messaging.FirebaseMessagingRegistrar"
107-->[com.google.firebase:firebase-messaging:21.0.0] AndroidManifest.xml:40:17-119
108                android:value="com.google.firebase.components.ComponentRegistrar" />
108-->[com.google.firebase:firebase-messaging:21.0.0] AndroidManifest.xml:41:17-82
109            <meta-data
109-->[com.google.firebase:firebase-iid:21.0.0] AndroidManifest.xml:32:13-34:85
110                android:name="com.google.firebase.components:com.google.firebase.iid.Registrar"
110-->[com.google.firebase:firebase-iid:21.0.0] AndroidManifest.xml:33:17-96
111                android:value="com.google.firebase.components.ComponentRegistrar" />
111-->[com.google.firebase:firebase-iid:21.0.0] AndroidManifest.xml:34:17-82
112            <meta-data
112-->[com.google.android.gms:play-services-measurement-api:18.0.0] AndroidManifest.xml:30:13-32:85
113                android:name="com.google.firebase.components:com.google.firebase.analytics.connector.internal.AnalyticsConnectorRegistrar"
113-->[com.google.android.gms:play-services-measurement-api:18.0.0] AndroidManifest.xml:31:17-139
114                android:value="com.google.firebase.components.ComponentRegistrar" />
114-->[com.google.android.gms:play-services-measurement-api:18.0.0] AndroidManifest.xml:32:17-82
115            <meta-data
115-->[com.google.firebase:firebase-datatransport:17.0.3] AndroidManifest.xml:28:13-30:85
116                android:name="com.google.firebase.components:com.google.firebase.datatransport.TransportRegistrar"
116-->[com.google.firebase:firebase-datatransport:17.0.3] AndroidManifest.xml:29:17-115
117                android:value="com.google.firebase.components.ComponentRegistrar" />
117-->[com.google.firebase:firebase-datatransport:17.0.3] AndroidManifest.xml:30:17-82
118            <meta-data
118-->[com.google.firebase:firebase-installations:16.3.3] AndroidManifest.xml:17:13-19:85
119                android:name="com.google.firebase.components:com.google.firebase.installations.FirebaseInstallationsRegistrar"
119-->[com.google.firebase:firebase-installations:16.3.3] AndroidManifest.xml:18:17-127
120                android:value="com.google.firebase.components.ComponentRegistrar" />
120-->[com.google.firebase:firebase-installations:16.3.3] AndroidManifest.xml:19:17-82
121        </service>
122        <service android:name="io.flutter.plugins.firebasemessaging.FlutterFirebaseMessagingService" >
122-->[:firebase_messaging] AndroidManifest.xml:8:9-12:19
122-->[:firebase_messaging] AndroidManifest.xml:8:18-101
123            <intent-filter>
123-->[:firebase_messaging] AndroidManifest.xml:9:13-11:29
124                <action android:name="com.google.firebase.MESSAGING_EVENT" />
124-->[:firebase_messaging] AndroidManifest.xml:10:17-78
124-->[:firebase_messaging] AndroidManifest.xml:10:25-75
125            </intent-filter>
126        </service>
127
128        <provider
128-->[:image_picker] AndroidManifest.xml:11:9-19:20
129            android:name="io.flutter.plugins.imagepicker.ImagePickerFileProvider"
129-->[:image_picker] AndroidManifest.xml:12:13-82
130            android:authorities="com.example.petapp.flutter.image_provider"
130-->[:image_picker] AndroidManifest.xml:13:13-74
131            android:exported="false"
131-->[:image_picker] AndroidManifest.xml:14:13-37
132            android:grantUriPermissions="true" >
132-->[:image_picker] AndroidManifest.xml:15:13-47
133            <meta-data
133-->[:image_picker] AndroidManifest.xml:16:13-18:75
134                android:name="android.support.FILE_PROVIDER_PATHS"
134-->[:image_picker] AndroidManifest.xml:17:17-67
135                android:resource="@xml/flutter_image_picker_file_paths" />
135-->[:image_picker] AndroidManifest.xml:18:17-72
136        </provider>
137        <provider
137-->[:share] AndroidManifest.xml:8:9-16:20
138            android:name="io.flutter.plugins.share.ShareFileProvider"
138-->[:share] AndroidManifest.xml:9:13-70
139            android:authorities="com.example.petapp.flutter.share_provider"
139-->[:share] AndroidManifest.xml:10:13-74
140            android:exported="false"
140-->[:share] AndroidManifest.xml:11:13-37
141            android:grantUriPermissions="true" >
141-->[:share] AndroidManifest.xml:12:13-47
142            <meta-data
142-->[:image_picker] AndroidManifest.xml:16:13-18:75
143                android:name="android.support.FILE_PROVIDER_PATHS"
143-->[:image_picker] AndroidManifest.xml:17:17-67
144                android:resource="@xml/flutter_share_file_paths" />
144-->[:image_picker] AndroidManifest.xml:18:17-72
145        </provider>
146        <provider
146-->[:esys_flutter_share] AndroidManifest.xml:8:9-16:20
147            android:name="de.esys.esysfluttershare.EsysFlutterShareFileProvider"
147-->[:esys_flutter_share] AndroidManifest.xml:9:13-81
148            android:authorities="com.example.petapp.fileprovider.github.com/orgs/esysberlin/esys-flutter-share"
148-->[:esys_flutter_share] AndroidManifest.xml:10:13-110
149            android:exported="false"
149-->[:esys_flutter_share] AndroidManifest.xml:11:13-37
150            android:grantUriPermissions="true" >
150-->[:esys_flutter_share] AndroidManifest.xml:12:13-47
151            <meta-data
151-->[:image_picker] AndroidManifest.xml:16:13-18:75
152                android:name="android.support.FILE_PROVIDER_PATHS"
152-->[:image_picker] AndroidManifest.xml:17:17-67
153                android:resource="@xml/esys_flutter_share_filepaths" />
153-->[:image_picker] AndroidManifest.xml:18:17-72
154        </provider>
155
156        <activity
156-->[:url_launcher] AndroidManifest.xml:8:9-11:74
157            android:name="io.flutter.plugins.urllauncher.WebViewActivity"
157-->[:url_launcher] AndroidManifest.xml:9:13-74
158            android:exported="false"
158-->[:url_launcher] AndroidManifest.xml:10:13-37
159            android:theme="@android:style/Theme.NoTitleBar.Fullscreen" />
159-->[:url_launcher] AndroidManifest.xml:11:13-71
160        <activity
160-->[com.google.firebase:firebase-auth:20.0.0] AndroidManifest.xml:27:9-34:50
161            android:name="com.google.firebase.auth.internal.FederatedSignInActivity"
161-->[com.google.firebase:firebase-auth:20.0.0] AndroidManifest.xml:28:13-85
162            android:excludeFromRecents="true"
162-->[com.google.firebase:firebase-auth:20.0.0] AndroidManifest.xml:29:13-46
163            android:exported="true"
163-->[com.google.firebase:firebase-auth:20.0.0] AndroidManifest.xml:30:13-36
164            android:launchMode="singleTask"
164-->[com.google.firebase:firebase-auth:20.0.0] AndroidManifest.xml:31:13-44
165            android:permission="com.google.firebase.auth.api.gms.permission.LAUNCH_FEDERATED_SIGN_IN"
165-->[com.google.firebase:firebase-auth:20.0.0] AndroidManifest.xml:32:13-102
166            android:theme="@android:style/Theme.Translucent.NoTitleBar" />
166-->[com.google.firebase:firebase-auth:20.0.0] AndroidManifest.xml:33:13-72
167        <activity
167-->[com.google.firebase:firebase-auth:20.0.0] AndroidManifest.xml:35:9-52:20
168            android:name="com.google.firebase.auth.internal.GenericIdpActivity"
168-->[com.google.firebase:firebase-auth:20.0.0] AndroidManifest.xml:36:13-80
169            android:excludeFromRecents="true"
169-->[com.google.firebase:firebase-auth:20.0.0] AndroidManifest.xml:37:13-46
170            android:exported="true"
170-->[com.google.firebase:firebase-auth:20.0.0] AndroidManifest.xml:38:13-36
171            android:launchMode="singleTask"
171-->[com.google.firebase:firebase-auth:20.0.0] AndroidManifest.xml:39:13-44
172            android:theme="@android:style/Theme.Translucent.NoTitleBar" >
172-->[com.google.firebase:firebase-auth:20.0.0] AndroidManifest.xml:40:13-72
173            <intent-filter>
173-->[com.google.firebase:firebase-auth:20.0.0] AndroidManifest.xml:41:13-51:29
174                <action android:name="android.intent.action.VIEW" />
174-->[com.google.firebase:firebase-auth:20.0.0] AndroidManifest.xml:42:17-69
174-->[com.google.firebase:firebase-auth:20.0.0] AndroidManifest.xml:42:25-66
175
176                <category android:name="android.intent.category.DEFAULT" />
176-->[com.google.firebase:firebase-auth:20.0.0] AndroidManifest.xml:44:17-76
176-->[com.google.firebase:firebase-auth:20.0.0] AndroidManifest.xml:44:27-73
177                <category android:name="android.intent.category.BROWSABLE" />
177-->[com.google.firebase:firebase-auth:20.0.0] AndroidManifest.xml:45:17-78
177-->[com.google.firebase:firebase-auth:20.0.0] AndroidManifest.xml:45:27-75
178
179                <data
179-->[:file_picker] AndroidManifest.xml:13:13-44
180                    android:host="firebase.auth"
181                    android:path="/"
182                    android:scheme="genericidp" />
183            </intent-filter>
184        </activity>
185        <activity
185-->[com.google.firebase:firebase-auth:20.0.0] AndroidManifest.xml:53:9-70:20
186            android:name="com.google.firebase.auth.internal.RecaptchaActivity"
186-->[com.google.firebase:firebase-auth:20.0.0] AndroidManifest.xml:54:13-79
187            android:excludeFromRecents="true"
187-->[com.google.firebase:firebase-auth:20.0.0] AndroidManifest.xml:55:13-46
188            android:exported="true"
188-->[com.google.firebase:firebase-auth:20.0.0] AndroidManifest.xml:56:13-36
189            android:launchMode="singleTask"
189-->[com.google.firebase:firebase-auth:20.0.0] AndroidManifest.xml:57:13-44
190            android:theme="@android:style/Theme.Translucent.NoTitleBar" >
190-->[com.google.firebase:firebase-auth:20.0.0] AndroidManifest.xml:58:13-72
191            <intent-filter>
191-->[com.google.firebase:firebase-auth:20.0.0] AndroidManifest.xml:59:13-69:29
192                <action android:name="android.intent.action.VIEW" />
192-->[com.google.firebase:firebase-auth:20.0.0] AndroidManifest.xml:42:17-69
192-->[com.google.firebase:firebase-auth:20.0.0] AndroidManifest.xml:42:25-66
193
194                <category android:name="android.intent.category.DEFAULT" />
194-->[com.google.firebase:firebase-auth:20.0.0] AndroidManifest.xml:44:17-76
194-->[com.google.firebase:firebase-auth:20.0.0] AndroidManifest.xml:44:27-73
195                <category android:name="android.intent.category.BROWSABLE" />
195-->[com.google.firebase:firebase-auth:20.0.0] AndroidManifest.xml:45:17-78
195-->[com.google.firebase:firebase-auth:20.0.0] AndroidManifest.xml:45:27-75
196
197                <data
197-->[:file_picker] AndroidManifest.xml:13:13-44
198                    android:host="firebase.auth"
199                    android:path="/"
200                    android:scheme="recaptcha" />
201            </intent-filter>
202        </activity>
203
204        <service
204-->[com.google.firebase:firebase-auth:20.0.0] AndroidManifest.xml:72:9-81:19
205            android:name="com.google.firebase.auth.api.fallback.service.FirebaseAuthFallbackService"
205-->[com.google.firebase:firebase-auth:20.0.0] AndroidManifest.xml:73:13-101
206            android:enabled="true"
206-->[com.google.firebase:firebase-auth:20.0.0] AndroidManifest.xml:74:13-35
207            android:exported="false" >
207-->[com.google.firebase:firebase-auth:20.0.0] AndroidManifest.xml:75:13-37
208            <intent-filter>
208-->[com.google.firebase:firebase-auth:20.0.0] AndroidManifest.xml:76:13-80:29
209                <action android:name="com.google.firebase.auth.api.gms.service.START" />
209-->[com.google.firebase:firebase-auth:20.0.0] AndroidManifest.xml:77:17-89
209-->[com.google.firebase:firebase-auth:20.0.0] AndroidManifest.xml:77:25-86
210
211                <category android:name="android.intent.category.DEFAULT" />
211-->[com.google.firebase:firebase-auth:20.0.0] AndroidManifest.xml:44:17-76
211-->[com.google.firebase:firebase-auth:20.0.0] AndroidManifest.xml:44:27-73
212            </intent-filter>
213        </service>
214        <!--
215             FirebaseMessagingService performs security checks at runtime,
216             but set to not exported to explicitly avoid allowing another app to call it.
217        -->
218        <service
218-->[com.google.firebase:firebase-messaging:21.0.0] AndroidManifest.xml:28:9-35:19
219            android:name="com.google.firebase.messaging.FirebaseMessagingService"
219-->[com.google.firebase:firebase-messaging:21.0.0] AndroidManifest.xml:29:13-82
220            android:directBootAware="true"
220-->[com.google.firebase:firebase-messaging:21.0.0] AndroidManifest.xml:30:13-43
221            android:exported="false" >
221-->[com.google.firebase:firebase-messaging:21.0.0] AndroidManifest.xml:31:13-37
222            <intent-filter android:priority="-500" >
222-->[:firebase_messaging] AndroidManifest.xml:9:13-11:29
223                <action android:name="com.google.firebase.MESSAGING_EVENT" />
223-->[:firebase_messaging] AndroidManifest.xml:10:17-78
223-->[:firebase_messaging] AndroidManifest.xml:10:25-75
224            </intent-filter>
225        </service>
226
227        <receiver
227-->[com.google.firebase:firebase-iid:21.0.0] AndroidManifest.xml:37:9-44:20
228            android:name="com.google.firebase.iid.FirebaseInstanceIdReceiver"
228-->[com.google.firebase:firebase-iid:21.0.0] AndroidManifest.xml:38:13-78
229            android:exported="true"
229-->[com.google.firebase:firebase-iid:21.0.0] AndroidManifest.xml:39:13-36
230            android:permission="com.google.android.c2dm.permission.SEND" >
230-->[com.google.firebase:firebase-iid:21.0.0] AndroidManifest.xml:40:13-73
231            <intent-filter>
231-->[com.google.firebase:firebase-iid:21.0.0] AndroidManifest.xml:41:13-43:29
232                <action android:name="com.google.android.c2dm.intent.RECEIVE" />
232-->[com.google.firebase:firebase-iid:21.0.0] AndroidManifest.xml:42:17-81
232-->[com.google.firebase:firebase-iid:21.0.0] AndroidManifest.xml:42:25-78
233            </intent-filter>
234        </receiver>
235
236        <provider
236-->[com.google.firebase:firebase-common:19.3.1] AndroidManifest.xml:26:9-31:39
237            android:name="com.google.firebase.provider.FirebaseInitProvider"
237-->[com.google.firebase:firebase-common:19.3.1] AndroidManifest.xml:27:13-77
238            android:authorities="com.example.petapp.firebaseinitprovider"
238-->[com.google.firebase:firebase-common:19.3.1] AndroidManifest.xml:28:13-72
239            android:directBootAware="true"
239-->[com.google.firebase:firebase-common:19.3.1] AndroidManifest.xml:29:13-43
240            android:exported="false"
240-->[com.google.firebase:firebase-common:19.3.1] AndroidManifest.xml:30:13-37
241            android:initOrder="100" />
241-->[com.google.firebase:firebase-common:19.3.1] AndroidManifest.xml:31:13-36
242
243        <receiver
243-->[com.google.android.gms:play-services-measurement:18.0.0] AndroidManifest.xml:29:9-33:20
244            android:name="com.google.android.gms.measurement.AppMeasurementReceiver"
244-->[com.google.android.gms:play-services-measurement:18.0.0] AndroidManifest.xml:30:13-85
245            android:enabled="true"
245-->[com.google.android.gms:play-services-measurement:18.0.0] AndroidManifest.xml:31:13-35
246            android:exported="false" >
246-->[com.google.android.gms:play-services-measurement:18.0.0] AndroidManifest.xml:32:13-37
247        </receiver>
248
249        <service
249-->[com.google.android.gms:play-services-measurement:18.0.0] AndroidManifest.xml:35:9-38:40
250            android:name="com.google.android.gms.measurement.AppMeasurementService"
250-->[com.google.android.gms:play-services-measurement:18.0.0] AndroidManifest.xml:36:13-84
251            android:enabled="true"
251-->[com.google.android.gms:play-services-measurement:18.0.0] AndroidManifest.xml:37:13-35
252            android:exported="false" />
252-->[com.google.android.gms:play-services-measurement:18.0.0] AndroidManifest.xml:38:13-37
253        <service
253-->[com.google.android.gms:play-services-measurement:18.0.0] AndroidManifest.xml:39:9-43:72
254            android:name="com.google.android.gms.measurement.AppMeasurementJobService"
254-->[com.google.android.gms:play-services-measurement:18.0.0] AndroidManifest.xml:40:13-87
255            android:enabled="true"
255-->[com.google.android.gms:play-services-measurement:18.0.0] AndroidManifest.xml:41:13-35
256            android:exported="false"
256-->[com.google.android.gms:play-services-measurement:18.0.0] AndroidManifest.xml:42:13-37
257            android:permission="android.permission.BIND_JOB_SERVICE" />
257-->[com.google.android.gms:play-services-measurement:18.0.0] AndroidManifest.xml:43:13-69
258
259        <activity
259-->[com.google.android.gms:play-services-auth:16.0.1] AndroidManifest.xml:23:9-27:75
260            android:name="com.google.android.gms.auth.api.signin.internal.SignInHubActivity"
260-->[com.google.android.gms:play-services-auth:16.0.1] AndroidManifest.xml:24:13-93
261            android:excludeFromRecents="true"
261-->[com.google.android.gms:play-services-auth:16.0.1] AndroidManifest.xml:25:13-46
262            android:exported="false"
262-->[com.google.android.gms:play-services-auth:16.0.1] AndroidManifest.xml:26:13-37
263            android:theme="@android:style/Theme.Translucent.NoTitleBar" />
263-->[com.google.android.gms:play-services-auth:16.0.1] AndroidManifest.xml:27:13-72
264        <!--
265            Service handling Google Sign-In user revocation. For apps that do not integrate with
266            Google Sign-In, this service will never be started.
267        -->
268        <service
268-->[com.google.android.gms:play-services-auth:16.0.1] AndroidManifest.xml:33:9-36:110
269            android:name="com.google.android.gms.auth.api.signin.RevocationBoundService"
269-->[com.google.android.gms:play-services-auth:16.0.1] AndroidManifest.xml:34:13-89
270            android:exported="true"
270-->[com.google.android.gms:play-services-auth:16.0.1] AndroidManifest.xml:35:13-36
271            android:permission="com.google.android.gms.auth.api.signin.permission.REVOCATION_NOTIFICATION" />
271-->[com.google.android.gms:play-services-auth:16.0.1] AndroidManifest.xml:36:13-107
272
273        <activity
273-->[com.google.android.gms:play-services-base:17.1.0] AndroidManifest.xml:23:9-26:75
274            android:name="com.google.android.gms.common.api.GoogleApiActivity"
274-->[com.google.android.gms:play-services-base:17.1.0] AndroidManifest.xml:24:13-79
275            android:exported="false"
275-->[com.google.android.gms:play-services-base:17.1.0] AndroidManifest.xml:25:13-37
276            android:theme="@android:style/Theme.Translucent.NoTitleBar" />
276-->[com.google.android.gms:play-services-base:17.1.0] AndroidManifest.xml:26:13-72
277
278        <meta-data
278-->[com.google.android.gms:play-services-basement:17.1.0] AndroidManifest.xml:23:9-25:69
279            android:name="com.google.android.gms.version"
279-->[com.google.android.gms:play-services-basement:17.1.0] AndroidManifest.xml:24:13-58
280            android:value="@integer/google_play_services_version" />
280-->[com.google.android.gms:play-services-basement:17.1.0] AndroidManifest.xml:25:13-66
281
282        <service
282-->[com.google.android.datatransport:transport-backend-cct:2.2.0] AndroidManifest.xml:29:9-35:19
283            android:name="com.google.android.datatransport.runtime.backends.TransportBackendDiscovery"
283-->[com.google.android.datatransport:transport-backend-cct:2.2.0] AndroidManifest.xml:30:13-103
284            android:exported="false" >
284-->[com.google.android.datatransport:transport-backend-cct:2.2.0] AndroidManifest.xml:31:13-37
285            <meta-data
285-->[com.google.android.datatransport:transport-backend-cct:2.2.0] AndroidManifest.xml:32:13-34:39
286                android:name="backend:com.google.android.datatransport.cct.CctBackendFactory"
286-->[com.google.android.datatransport:transport-backend-cct:2.2.0] AndroidManifest.xml:33:17-94
287                android:value="cct" />
287-->[com.google.android.datatransport:transport-backend-cct:2.2.0] AndroidManifest.xml:34:17-36
288        </service>
289        <service
289-->[com.google.android.datatransport:transport-runtime:2.2.0] AndroidManifest.xml:26:9-30:19